<?xml version="1.0" encoding="UTF-8"?>
<testng-results ignored="0" total="1" passed="1" failed="0" skipped="0">
  <reporter-output>
  </reporter-output>
  <suite started-at="2022-11-04T04:22:23Z" name="Default suite" finished-at="2022-11-04T04:22:26Z" duration-ms="2994">
    <groups>
    </groups>
    <test started-at="2022-11-04T04:22:23Z" name="Default test" finished-at="2022-11-04T04:22:26Z" duration-ms="2994">
      <class name="testCases.LaunchingFB_TestNG">
        <test-method is-config="true" signature="LoadURl()[pri:0, instance:testCases.LaunchingFB_TestNG@74d1dc36]" started-at="2022-11-04T04:22:23Z" name="LoadURl" finished-at="2022-11-04T04:22:26Z" duration-ms="2763" status="PASS">
          <reporter-output>
          </reporter-output>
        </test-method> <!-- LoadURl -->
        <test-method signature="TestMethod()[pri:0, instance:testCases.LaunchingFB_TestNG@74d1dc36]" started-at="2022-11-04T04:22:26Z" name="TestMethod" finished-at="2022-11-04T04:22:26Z" duration-ms="201" status="PASS">
          <reporter-output>
          </reporter-output>
        </test-method> <!-- TestMethod -->
      </class> <!-- testCases.LaunchingFB_TestNG -->
    </test> <!-- Default test -->
  </suite> <!-- Default suite -->
</testng-results>
